2024-09-03 10:05:09,077 INFO c.s.l.c.c.ServiceHandler [main] About to begin receiveCustomer()
2024-09-03 10:05:32,614 INFO c.s.l.c.c.ServiceHandler [main] About to begin createRequest()
2024-09-03 10:05:35,677 INFO c.s.l.c.c.ServiceHandler [main] About to begin addServices()
2024-09-03 10:05:37,547 INFO c.s.l.c.c.ServiceHandler [main] About to begin createOrder()
2024-09-03 10:05:38,551 INFO c.s.l.c.c.ServiceHandler [main] About to begin receiveComputer()
2024-09-03 10:58:11,818 INFO c.s.l.c.c.ServiceHandler [main] About to begin receiveCustomer()
2024-09-03 11:00:43,564 INFO c.s.l.c.c.ServiceHandler [main] About to begin createRequest()
2024-09-03 11:00:45,306 INFO c.s.l.c.c.ServiceHandler [main] About to begin addServices()
2024-09-03 11:01:00,447 INFO c.s.l.c.c.ServiceHandler [main] About to begin createOrder()
2024-09-03 11:01:03,804 INFO c.s.l.c.c.ServiceHandler [main] About to begin receiveComputer()
2024-09-03 14:03:05,322 INFO c.s.l.c.c.ServiceHandler [main] About to begin receiveCustomer()
2024-09-03 14:03:25,374 INFO c.s.l.c.c.ServiceHandler [main] About to begin createRequest()
2024-09-03 14:03:27,184 INFO c.s.l.c.c.ServiceHandler [main] About to begin addServices()
2024-09-03 14:03:29,140 INFO c.s.l.c.c.ServiceHandler [main] About to begin createOrder()
2024-09-03 14:03:29,686 INFO c.s.l.c.c.ServiceHandler [main] About to begin receiveComputer()
2024-09-03 14:09:35,241 INFO c.s.l.c.c.ServiceHandler [main] About to begin receiveCustomer()
2024-09-03 14:10:00,507 INFO c.s.l.c.c.ServiceHandler [main] About to begin receiveCustomer()
2024-09-03 14:10:19,747 INFO c.s.l.c.c.ServiceHandler [main] About to begin createRequest()
2024-09-03 14:10:21,856 INFO c.s.l.c.c.ServiceHandler [main] About to begin addServices()
2024-09-03 14:10:23,575 INFO c.s.l.c.c.ServiceHandler [main] About to begin createOrder()
2024-09-03 14:10:24,027 INFO c.s.l.c.c.ServiceHandler [main] About to begin receiveComputer()
2024-09-03 14:15:01,382 INFO c.s.l.c.c.ServiceHandler [main] About to begin receiveCustomer()
2024-09-03 14:15:24,204 INFO c.s.l.c.c.ServiceHandler [main] About to begin createRequest()
2024-09-03 14:15:25,556 INFO c.s.l.c.c.ServiceHandler [main] About to begin addServices()
2024-09-03 14:15:28,479 INFO c.s.l.c.c.ServiceHandler [main] About to begin createOrder()
2024-09-03 14:15:29,288 INFO c.s.l.c.c.ServiceHandler [main] About to begin receiveComputer()
2024-09-03 14:22:48,331 INFO c.s.l.c.c.ServiceHandler [main] About to begin receiveCustomer()
2024-09-03 14:23:09,718 INFO c.s.l.c.c.ServiceHandler [main] About to begin createRequest()
2024-09-03 14:24:28,752 INFO c.s.l.c.c.ServiceHandler [main] About to begin receiveCustomer()
2024-09-03 14:24:46,552 INFO c.s.l.c.c.ServiceHandler [main] About to begin createRequest()
2024-09-03 14:24:50,794 INFO c.s.l.c.c.ServiceHandler [main] About to begin addServices()
2024-09-03 14:24:56,251 INFO c.s.l.c.c.ServiceHandler [main] About to begin createOrder()
2024-09-03 14:24:56,837 INFO c.s.l.c.c.ServiceHandler [main] About to begin receiveComputer()
2024-09-03 18:42:19,422 INFO c.s.l.c.c.ServiceHandler [main] About to begin receiveCustomer()
2024-09-03 18:42:37,577 INFO c.s.l.c.c.ServiceHandler [main] About to begin createRequest()
2024-09-03 18:42:39,850 INFO c.s.l.c.c.ServiceHandler [main] About to begin addServices()
2024-09-03 18:42:44,402 INFO c.s.l.c.c.ServiceHandler [main] About to begin createOrder()
2024-09-03 18:42:45,691 INFO c.s.l.c.c.ServiceHandler [main] About to begin receiveComputer()
